
Xvnc TigerVNC 1.11.0 - built 2022-01-26 17:59
Copyright (C) 1999-2020 TigerVNC Team and many others (see README.rst)
See https://www.tigervnc.org for information on TigerVNC.
Underlying X server release 12011000, The X.Org Foundation


Thu Jul  6 17:17:24 2023
 vncext:      VNC extension running!
 vncext:      Listening for VNC connections on all interface(s), port 5901
 vncext:      created VNC server for screen 0
3NI3X0 New Xtigervnc server 'localhost:1 (root)' on port 5901 for display :1.
3NI3X0 Use xtigervncviewer -SecurityTypes VncAuth,TLSVnc -passwd /root/.vnc/passwd localhost:1 to connect to the VNC server.
W: [pulseaudio] main.c: This program is not intended to be run as root (unless --system is specified).
N: [pulseaudio] main.c: User-configured server at 127.0.0.1, refusing to start/autospawn.
/usr/bin/startxfce4: X server already running on display :1
dbus-update-activation-environment: error: unable to connect to D-Bus: /usr/bin/dbus-launch terminated abnormally without any error message

(process:2916): xfce4-session-CRITICAL **: 17:17:25.504: dbus-launch not found, the desktop will not work properly!

Thu Jul  6 17:19:20 2023
 Connections: accepted: 192.168.1.154::40078
 SConnection: Client needs protocol version 3.8
 SConnection: Client requests security type VncAuth(2)

Thu Jul  6 17:19:23 2023
 VNCSConnST:  Server default pixel format depth 24 (32bpp) little-endian rgb888
 ComparingUpdateTracker: 0 pixels in / 0 pixels out
 ComparingUpdateTracker: (1:nan ratio)

Thu Jul  6 17:19:33 2023
 ComparingUpdateTracker: 13.724 kpixels in / 8.03 kpixels out
 ComparingUpdateTracker: (1:1.70909 ratio)

Thu Jul  6 17:20:00 2023
 ComparingUpdateTracker: 938.469 kpixels in / 509.716 kpixels out
 ComparingUpdateTracker: (1:1.84116 ratio)

Thu Jul  6 17:20:01 2023
 ComparingUpdateTracker: 0 pixels in / 0 pixels out
 ComparingUpdateTracker: (1:nan ratio)

Thu Jul  6 17:20:05 2023
 VNCSConnST:  closing 192.168.1.154::40078: Clean disconnection
 EncodeManager: Framebuffer updates: 56
 EncodeManager:   Tight:
 EncodeManager:     Solid: 16 rects, 2.4292 Mpixels
 EncodeManager:            256 B (1:37957.1 ratio)
 EncodeManager:     Indexed RLE: 37 rects, 31.62 kpixels
 EncodeManager:                  3.63281 KiB (1:34.1194 ratio)
 EncodeManager:   Tight (JPEG):
 EncodeManager:     Full Colour: 45 rects, 516.352 kpixels
 EncodeManager:                  123.525 KiB (1:16.3329 ratio)
 EncodeManager:   Total: 98 rects, 2.97718 Mpixels
 EncodeManager:          127.408 KiB (1:91.2872 ratio)
 Connections: closed: 192.168.1.154::40078
 ComparingUpdateTracker: 550 pixels in / 550 pixels out
 ComparingUpdateTracker: (1:1 ratio)

Thu Jul  6 17:20:31 2023
 ComparingUpdateTracker: 0 pixels in / 0 pixels out
 ComparingUpdateTracker: (1:nan ratio)
The X session exited with status 1!
Killing Xtigervnc process ID 2914... success!

Xvnc TigerVNC 1.11.0 - built 2022-01-26 17:59
Copyright (C) 1999-2020 TigerVNC Team and many others (see README.rst)
See https://www.tigervnc.org for information on TigerVNC.
Underlying X server release 12011000, The X.Org Foundation


Thu Jul  6 17:27:10 2023
 vncext:      VNC extension running!
 vncext:      Listening for VNC connections on all interface(s), port 5901
 vncext:      created VNC server for screen 0
3NI3X0 New Xtigervnc server 'localhost:1 (root)' on port 5901 for display :1.
3NI3X0 Use xtigervncviewer -SecurityTypes VncAuth,TLSVnc -passwd /root/.vnc/passwd localhost:1 to connect to the VNC server.
W: [pulseaudio] main.c: This program is not intended to be run as root (unless --system is specified).
N: [pulseaudio] main.c: User-configured server at 127.0.0.1, refusing to start/autospawn.
2023-07-06 17:27:11 W: awesome: a_dbus_connect:611: Could not connect to D-Bus session bus: /usr/bin/dbus-launch terminated abnormally without any error message
2023-07-06 17:27:11 W: awesome: a_dbus_connect:611: Could not connect to D-Bus system bus: Failed to connect to socket /run/dbus/system_bus_socket: No such file or directory
2023-07-06 17:27:12 W: awesome: a_glib_poll:437: Last main loop iteration took 0.234669 seconds! Increasing limit for this warning to that value.
2023-07-06 17:27:13 W: awesome: a_glib_poll:437: Last main loop iteration took 0.320432 seconds! Increasing limit for this warning to that value.

Thu Jul  6 17:27:19 2023
 Connections: accepted: 192.168.1.154::48066
 SConnection: Client needs protocol version 3.8
 SConnection: Client requests security type VncAuth(2)

Thu Jul  6 17:27:26 2023
 SConnection: AuthFailureException: Authentication failure
 VNCSConnST:  closing 192.168.1.154::48066: Authentication failure:
              Authentication failure
 EncodeManager: Framebuffer updates: 0
 EncodeManager:   Total: 0 rects, 0 pixels
 EncodeManager:          0 B (1:nan ratio)
 Connections: closed: 192.168.1.154::48066
 ComparingUpdateTracker: 0 pixels in / 0 pixels out
 ComparingUpdateTracker: (1:nan ratio)

Thu Jul  6 17:27:29 2023
 Connections: accepted: 192.168.1.154::44520
 SConnection: Client needs protocol version 3.8
 SConnection: Client requests security type VncAuth(2)

Thu Jul  6 17:27:32 2023
 VNCSConnST:  Server default pixel format depth 24 (32bpp) little-endian rgb888
 ComparingUpdateTracker: 0 pixels in / 0 pixels out
 ComparingUpdateTracker: (1:nan ratio)
2023-07-06 17:27:33 W: awesome: a_glib_poll:437: Last main loop iteration took 0.740605 seconds! Increasing limit for this warning to that value.
2023-07-06 17:27:40 W: awesome: a_glib_poll:437: Last main loop iteration took 0.988846 seconds! Increasing limit for this warning to that value.

Thu Jul  6 17:28:04 2023
 VNCSConnST:  closing 192.168.1.154::44520: Clean disconnection
 EncodeManager: Framebuffer updates: 64
 EncodeManager:   Tight:
 EncodeManager:     Solid: 58 rects, 891.706 kpixels
 EncodeManager:            928 B (1:3844.31 ratio)
 EncodeManager:     Bitmap RLE: 43 rects, 15.351 kpixels
 EncodeManager:                 1.24609 KiB (1:48.5266 ratio)
 EncodeManager:     Indexed RLE: 50 rects, 87.728 kpixels
 EncodeManager:                  21.75 KiB (1:15.7827 ratio)
 EncodeManager:   Tight (JPEG):
 EncodeManager:     Full Colour: 100 rects, 639.817 kpixels
 EncodeManager:                  348.167 KiB (1:7.18178 ratio)
 EncodeManager:   Total: 251 rects, 1.6346 Mpixels
 EncodeManager:          372.069 KiB (1:17.1691 ratio)
 TcpSocket:   unable to get peer name for socket
 Connections: closed: ::0
 ComparingUpdateTracker: 1.10675 Mpixels in / 424.826 kpixels out
 ComparingUpdateTracker: (1:2.60519 ratio)

Thu Jul  6 17:28:11 2023
 Connections: accepted: 192.168.1.154::43262
 SConnection: Client needs protocol version 3.8
 SConnection: Client requests security type VncAuth(2)

Thu Jul  6 17:28:14 2023
 VNCSConnST:  Server default pixel format depth 24 (32bpp) little-endian rgb888

Thu Jul  6 17:29:16 2023
 ComparingUpdateTracker: 0 pixels in / 0 pixels out
 ComparingUpdateTracker: (1:nan ratio)

Thu Jul  6 17:29:49 2023
 VNCSConnST:  closing 192.168.1.154::43262: Server shutdown
 EncodeManager: Framebuffer updates: 26
 EncodeManager:   Tight:
 EncodeManager:     Solid: 67 rects, 1.51372 Mpixels
 EncodeManager:            1.04688 KiB (1:5648.96 ratio)
 EncodeManager:     Bitmap RLE: 3 rects, 344 pixels
 EncodeManager:                 101 B (1:13.9802 ratio)
 EncodeManager:     Indexed RLE: 16 rects, 36.4 kpixels
 EncodeManager:                  5.96094 KiB (1:23.8847 ratio)
 EncodeManager:   Tight (JPEG):
 EncodeManager:     Full Colour: 73 rects, 743.073 kpixels
 EncodeManager:                  405.864 KiB (1:7.15383 ratio)
 EncodeManager:   Total: 159 rects, 2.29354 Mpixels
 EncodeManager:          412.971 KiB (1:21.6989 ratio)
 ComparingUpdateTracker: 0 pixels in / 0 pixels out
 ComparingUpdateTracker: (1:nan ratio)
The Xtigervnc server cleanly exited!

Xvnc TigerVNC 1.11.0 - built 2022-01-26 17:59
Copyright (C) 1999-2020 TigerVNC Team and many others (see README.rst)
See https://www.tigervnc.org for information on TigerVNC.
Underlying X server release 12011000, The X.Org Foundation


Thu Jul  6 17:29:56 2023
 vncext:      VNC extension running!
 vncext:      Listening for VNC connections on all interface(s), port 5901
 vncext:      created VNC server for screen 0
3NI3X0 New Xtigervnc server 'localhost:1 (root)' on port 5901 for display :1.
3NI3X0 Use xtigervncviewer -SecurityTypes VncAuth,TLSVnc -passwd /root/.vnc/passwd localhost:1 to connect to the VNC server.
W: [pulseaudio] main.c: This program is not intended to be run as root (unless --system is specified).
N: [pulseaudio] main.c: User-configured server at 127.0.0.1, refusing to start/autospawn.
2023-07-06 17:29:57 W: awesome: a_dbus_connect:611: Could not connect to D-Bus session bus: /usr/bin/dbus-launch terminated abnormally without any error message
2023-07-06 17:29:57 W: awesome: a_dbus_connect:611: Could not connect to D-Bus system bus: Failed to connect to socket /run/dbus/system_bus_socket: No such file or directory

Thu Jul  6 17:29:59 2023
 Connections: accepted: 192.168.1.154::41914
 SConnection: Client needs protocol version 3.8
 SConnection: Client requests security type VncAuth(2)

Thu Jul  6 17:30:01 2023
 VNCSConnST:  Server default pixel format depth 24 (32bpp) little-endian rgb888
 ComparingUpdateTracker: 38.4 kpixels in / 38.4 kpixels out
 ComparingUpdateTracker: (1:1 ratio)
2023-07-06 17:30:02 W: awesome: a_glib_poll:437: Last main loop iteration took 0.856371 seconds! Increasing limit for this warning to that value.
2023-07-06 17:30:03 W: awesome: a_glib_poll:437: Last main loop iteration took 1.456147 seconds! Increasing limit for this warning to that value.
2023-07-06 17:30:06 W: awesome: a_glib_poll:437: Last main loop iteration took 2.274921 seconds! Increasing limit for this warning to that value.
2023-07-06 17:30:27 W: awesome: a_dbus_connect:611: Could not connect to D-Bus session bus: /usr/bin/dbus-launch terminated abnormally without any error message
2023-07-06 17:30:27 W: awesome: a_dbus_connect:611: Could not connect to D-Bus system bus: Failed to connect to socket /run/dbus/system_bus_socket: No such file or directory
2023-07-06 17:30:33 W: awesome: a_glib_poll:437: Last main loop iteration took 0.913661 seconds! Increasing limit for this warning to that value.
2023-07-06 17:30:35 W: awesome: a_glib_poll:437: Last main loop iteration took 1.927925 seconds! Increasing limit for this warning to that value.
2023-07-06 17:30:39 W: awesome: a_dbus_connect:611: Could not connect to D-Bus session bus: /usr/bin/dbus-launch terminated abnormally without any error message
2023-07-06 17:30:39 W: awesome: a_dbus_connect:611: Could not connect to D-Bus system bus: Failed to connect to socket /run/dbus/system_bus_socket: No such file or directory
2023-07-06 17:30:44 W: awesome: a_glib_poll:437: Last main loop iteration took 0.795380 seconds! Increasing limit for this warning to that value.
2023-07-06 17:30:46 W: awesome: a_glib_poll:437: Last main loop iteration took 1.916634 seconds! Increasing limit for this warning to that value.
2023-07-06 17:30:50 W: awesome: a_glib_poll:437: Last main loop iteration took 3.183992 seconds! Increasing limit for this warning to that value.
Failed to connect to session manager: Failed to connect to the session manager: SESSION_MANAGER environment variable not defined
2023-07-06 17:31:40 E: awesome: a_xcb_io_cb:401: X server connection broke (error 1)
The X session exited with status 1!
Killing Xtigervnc process ID 5575...
Thu Jul  6 17:31:40 2023
 VNCSConnST:  closing 192.168.1.154::41914: Server shutdown
 EncodeManager: Framebuffer updates: 1009
 EncodeManager:   Tight:
 EncodeManager:     Solid: 156 rects, 3.25842 Mpixels
 EncodeManager:            2.4375 KiB (1:5222.58 ratio)
 EncodeManager:     Bitmap RLE: 23 rects, 8.2 kpixels
 EncodeManager:                 868 B (1:38.106 ratio)
 EncodeManager:     Indexed RLE: 221 rects, 176.706 kpixels
 EncodeManager:                  56.5166 KiB (1:12.2592 ratio)
 EncodeManager:   Tight (JPEG):
 EncodeManager:     Full Colour: 302 rects, 1.57856 Mpixels
 EncodeManager:                  1.29499 MiB (1:4.6527 ratio)
 EncodeManager:   Total: 702 rects, 5.02189 Mpixels
 EncodeManager:          1.35339 MiB (1:14.1608 ratio)
 ComparingUpdateTracker: 18.2334 Mpixels in / 3.18375 Mpixels out
 ComparingUpdateTracker: (1:5.72702 ratio)
 success!

Xvnc TigerVNC 1.11.0 - built 2022-01-26 17:59
Copyright (C) 1999-2020 TigerVNC Team and many others (see README.rst)
See https://www.tigervnc.org for information on TigerVNC.
Underlying X server release 12011000, The X.Org Foundation


Thu Jul  6 17:48:46 2023
 vncext:      VNC extension running!
 vncext:      Listening for VNC connections on all interface(s), port 5901
 vncext:      created VNC server for screen 0
3NI3X0 New Xtigervnc server 'localhost:1 (root)' on port 5901 for display :1.
3NI3X0 Use xtigervncviewer -SecurityTypes VncAuth,TLSVnc -passwd /root/.vnc/passwd localhost:1 to connect to the VNC server.
W: [pulseaudio] main.c: This program is not intended to be run as root (unless --system is specified).
N: [pulseaudio] main.c: User-configured server at 127.0.0.1, refusing to start/autospawn.
2023-07-06 17:48:48 W: awesome: a_dbus_connect:611: Could not connect to D-Bus session bus: /usr/bin/dbus-launch terminated abnormally without any error message
2023-07-06 17:48:48 W: awesome: a_dbus_connect:611: Could not connect to D-Bus system bus: Failed to connect to socket /run/dbus/system_bus_socket: No such file or directory
2023-07-06 17:48:50 W: awesome: a_glib_poll:437: Last main loop iteration took 0.274738 seconds! Increasing limit for this warning to that value.
2023-07-06 17:48:50 W: awesome: a_glib_poll:437: Last main loop iteration took 0.425241 seconds! Increasing limit for this warning to that value.

Thu Jul  6 17:48:51 2023
 Connections: accepted: 192.168.1.154::33000
 SConnection: Client needs protocol version 3.8
 SConnection: Client requests security type VncAuth(2)

Thu Jul  6 17:48:53 2023
 VNCSConnST:  Server default pixel format depth 24 (32bpp) little-endian rgb888
 ComparingUpdateTracker: 0 pixels in / 0 pixels out
 ComparingUpdateTracker: (1:nan ratio)
2023-07-06 17:48:54 W: awesome: a_glib_poll:437: Last main loop iteration took 0.886567 seconds! Increasing limit for this warning to that value.
[?1049h[22;0;0t[1;24r(B[m[4l[?7h[?1h=[?25l[39;49m[?1006;1000h[39;49m(B[m[H[2J[2d  [36m  0[39m(B[0;1m[(B[0m[32m||||||[31m||||||(B[0;1m[90m             40.0%[39m](B[m   [36mTasks: (B[0;1m[36m111(B[0m[36m; (B[0;1m[32m1(B[0m[36m running[3;3H  1[39m(B[0;1m[(B[0m[32m|||||[31m||||||||||(B[0;1m[90m          50.0%[39m](B[m   [36mLoad average: [39m(B[0;1m18.97 [36m18.82 (B[0m[36m13.43 [4;3H  2[39m(B[0;1m[(B[0m[32m||||||[31m||||||(B[0;1m[90m             40.0%[39m](B[m   [36mUptime: (B[0;1m[36m00:16:05[5;3H(B[0m[36m  3[39m(B[0;1m[(B[0m[31m||||||||(B[0;1m[90m[17X[5;32H25.0%[39m][6;3H(B[0m[36m  4[39m(B[0;1m[(B[0m[31m||||||||||||||||||||||||100.0%[39m(B[0;1m][7;3H(B[0m[36m  5[39m(B[0;1m[[90m[26X[7;33H0.0%[39m][8;3H(B[0m[36m  6[39m(B[0;1m[[90m[26X[8;33H0.0%[39m][9;3H(B[0m[36m  7[39m(B[0;1m[[90m[26X[9;33H0.0%[39m][10;3H(B[0m[36mMem[39m(B[0;1m[(B[0m[32m|||||||[34m||[33m|||||||||||775M/3(B[0;1m[90m.75G[39m][11;3H(B[0m[36mSwp[39m(B[0;1m[[90m[25X[11;32H0K/0K[39m][13d(B[0m[30m[42m  PID USER      PRI  NI  VIRT   RES   SHR S CPU% [30m[46mMEM%▽[30m[42m  TIME+  Command[K[14d[30m[46m17549 1003       16  -4 2969M  248M  234M S 40.0  6.5  1:31.56 /system/bin/boota[15;2H[39;49m(B[m1278 root[18G20   0 [32m1[36m756M 91[39m(B[m172 [36m69[39m(B[m728 S  0.0  2.3  0:02.26 zygote[16d17690 root[18G20   0 [36m 327M 50[39m(B[m236 [36m28[39m(B[m056 S  0.0  1.3  0:01.50 /usr/bin/Xtigervn[17;1H17691 root[18G20   0 [36m75[39m(B[m672 [36m41[39m(B[m520 [36m13[39m(B[m268 S  0.0  1.1  0:04.83 awesome[18d 1316 (B[0;1m[90mok        [39m(B[m -2 [31m -8 [36m 839M 40[39m(B[m580 [36m27[39m(B[m256 S 20.0  1.0  1:07.67 /system/bin/surfa[19;2H1379 (B[0;1m[90m1047      [39m(B[m 20   0 [36m 347M 33[39m(B[m164 [36m 7[39m(B[m088 S  0.0  0.8  0:01.55 /vendor/bin/hw/ca[20;2H1368 (B[0;1m[90m1040      [39m(B[m 20   0 [32m 258G [36m18[39m(B[m148 [36m12[39m(B[m656 S  0.0  0.5  0:00.86 media.extractor a[21;2H1292 (B[0;1m[90mok        [39m(B[m 20   0 [36m 125M 15[39m(B[m888 [36m11[39m(B[m788 S  0.0  0.4  0:00.34 /vendor/bin/hw/an[22;2H1313 (B[0;1m[90m1041      [39m(B[m 20   0 [32m2[36m350M 14[39m(B[m928 [36m10[39m(B[m048 S  0.0  0.4  0:02.30 /system/bin/audio[23;2H1435 (B[0;1m[90m1046      [39m(B[m 20   0 [32m 258G [36m12[39m(B[m892 [36m 7[39m(B[m392 S  0.0  0.3  0:01.48 media.swcodec oid[24;1HF1[30m[46mHelp  [39;49m(B[mF2[30m[46mSetup [39;49m(B[mF3[30m[46mSearch[39;49m(B[mF4[30m[46mFilter[39;49m(B[mF5[30m[46mTree  [39;49m(B[mF6[30m[46mSortBy[39;49m(B[mF7[30m[46mNice -[39;49m(B[mF8[30m[46mNice +[39;49m(B[mF9[30m[46mKill  [39;49m(B[mF10[30m[46mQuit[K[H[39;49m(B[m[24d[J[?12l[?25h[?1006;1000l[24;1H[?1049l[23;0;0t[?1l>2023-07-06 17:49:25 W: awesome: a_glib_poll:437: Last main loop iteration took 1.023918 seconds! Increasing limit for this warning to that value.
2023-07-06 17:49:42 W: awesome: a_glib_poll:437: Last main loop iteration took 1.304392 seconds! Increasing limit for this warning to that value.
Failed to connect to session manager: Failed to connect to the session manager: SESSION_MANAGER environment variable not defined
Failed to connect to session manager: Failed to connect to the session manager: SESSION_MANAGER environment variable not defined
2023-07-06 17:52:41 W: awesome: a_dbus_connect:611: Could not connect to D-Bus session bus: /usr/bin/dbus-launch terminated abnormally without any error message
2023-07-06 17:52:41 W: awesome: a_dbus_connect:611: Could not connect to D-Bus system bus: Failed to connect to socket /run/dbus/system_bus_socket: No such file or directory
2023-07-06 17:52:43 W: awesome: a_glib_poll:437: Last main loop iteration took 0.260824 seconds! Increasing limit for this warning to that value.
2023-07-06 17:52:43 W: awesome: a_glib_poll:437: Last main loop iteration took 0.345913 seconds! Increasing limit for this warning to that value.
2023-07-06 17:53:05 W: awesome: a_dbus_connect:611: Could not connect to D-Bus session bus: /usr/bin/dbus-launch terminated abnormally without any error message
2023-07-06 17:53:05 W: awesome: a_dbus_connect:611: Could not connect to D-Bus system bus: Failed to connect to socket /run/dbus/system_bus_socket: No such file or directory
2023-07-06 17:53:07 W: awesome: a_glib_poll:437: Last main loop iteration took 0.222854 seconds! Increasing limit for this warning to that value.
2023-07-06 17:53:07 W: awesome: a_glib_poll:437: Last main loop iteration took 0.334423 seconds! Increasing limit for this warning to that value.
Failed to connect to session manager: Failed to connect to the session manager: SESSION_MANAGER environment variable not defined

Thu Jul  6 17:54:24 2023
 ComparingUpdateTracker: 92.8718 Mpixels in / 14.368 Mpixels out
 ComparingUpdateTracker: (1:6.46379 ratio)
2023-07-06 17:54:25 W: awesome: a_glib_poll:437: Last main loop iteration took 0.878698 seconds! Increasing limit for this warning to that value.
2023-07-06 17:55:30 E: awesome: a_xcb_io_cb:401: X server connection broke (error 1)
The X session exited with status 1!
Killing Xtigervnc process ID 17690...
Thu Jul  6 17:55:31 2023
 VNCSConnST:  closing 192.168.1.154::33000: Server shutdown
 EncodeManager: Framebuffer updates: 1587
 EncodeManager:   Tight:
 EncodeManager:     Solid: 1.054 krects, 9.75361 Mpixels
 EncodeManager:            16.4688 KiB (1:2314.23 ratio)
 EncodeManager:     Bitmap RLE: 418 rects, 193.882 kpixels
 EncodeManager:                 12.4385 KiB (1:61.2816 ratio)
 EncodeManager:     Indexed RLE: 1.927 krects, 1.92242 Mpixels
 EncodeManager:                  370.194 KiB (1:20.3462 ratio)
 EncodeManager:   Tight (JPEG):
 EncodeManager:     Full Colour: 1.566 krects, 9.21837 Mpixels
 EncodeManager:                  7.49205 MiB (1:4.69607 ratio)
 EncodeManager:   Total: 4.965 krects, 21.0883 Mpixels
 EncodeManager:          7.8818 MiB (1:10.2137 ratio)
 ComparingUpdateTracker: 8.12111 Mpixels in / 805.9 kpixels out
 ComparingUpdateTracker: (1:10.0771 ratio)
 success!

Xvnc TigerVNC 1.11.0 - built 2022-01-26 17:59
Copyright (C) 1999-2020 TigerVNC Team and many others (see README.rst)
See https://www.tigervnc.org for information on TigerVNC.
Underlying X server release 12011000, The X.Org Foundation


Thu Jul  6 18:07:21 2023
 vncext:      VNC extension running!
 vncext:      Listening for VNC connections on all interface(s), port 5901
 vncext:      created VNC server for screen 0
3NI3X0 New Xtigervnc server 'localhost:1 (root)' on port 5901 for display :1.
3NI3X0 Use xtigervncviewer -SecurityTypes VncAuth,TLSVnc -passwd /root/.vnc/passwd localhost:1 to connect to the VNC server.
W: [pulseaudio] main.c: This program is not intended to be run as root (unless --system is specified).
N: [pulseaudio] main.c: User-configured server at 127.0.0.1, refusing to start/autospawn.
2023-07-06 18:07:21 W: awesome: a_dbus_connect:611: Could not connect to D-Bus session bus: /usr/bin/dbus-launch terminated abnormally without any error message
2023-07-06 18:07:21 W: awesome: a_dbus_connect:611: Could not connect to D-Bus system bus: Failed to connect to socket /run/dbus/system_bus_socket: No such file or directory
2023-07-06 18:07:23 W: awesome: a_glib_poll:437: Last main loop iteration took 0.277233 seconds! Increasing limit for this warning to that value.
2023-07-06 18:07:23 W: awesome: a_glib_poll:437: Last main loop iteration took 0.335896 seconds! Increasing limit for this warning to that value.

Thu Jul  6 18:07:26 2023
 Connections: accepted: 192.168.1.154::35738

Thu Jul  6 18:07:32 2023
 SConnection: Client needs protocol version 3.8

Thu Jul  6 18:07:33 2023
 SConnection: Client requests security type VncAuth(2)

Thu Jul  6 18:07:36 2023
 VNCSConnST:  Server default pixel format depth 24 (32bpp) little-endian rgb888

Thu Jul  6 18:07:39 2023
 ComparingUpdateTracker: 0 pixels in / 0 pixels out
 ComparingUpdateTracker: (1:nan ratio)
2023-07-06 18:07:39 W: awesome: a_glib_poll:437: Last main loop iteration took 0.770550 seconds! Increasing limit for this warning to that value.
Failed to connect to session manager: Failed to connect to the session manager: SESSION_MANAGER environment variable not defined
Failed to connect to session manager: Failed to connect to the session manager: SESSION_MANAGER environment variable not defined
2023-07-06 18:46:58 E: awesome: a_xcb_io_cb:401: X server connection broke (error 1)
The X session exited with status 1!
Killing Xtigervnc process ID 18219...
Thu Jul  6 18:46:58 2023
 VNCSConnST:  closing 192.168.1.154::35738: Server shutdown
 EncodeManager: Framebuffer updates: 5202
 EncodeManager:   CopyRect:
 EncodeManager:     Copies: 1 rects, 1.17 kpixels
 EncodeManager:             16 B (1:293.25 ratio)
 EncodeManager:   Tight:
 EncodeManager:     Solid: 5.869 krects, 10.4236 Mpixels
 EncodeManager:            91.7031 KiB (1:444.759 ratio)
 EncodeManager:     Bitmap RLE: 1.204 krects, 491.519 kpixels
 EncodeManager:                 36.1475 KiB (1:53.506 ratio)
 EncodeManager:     Indexed RLE: 18.463 krects, 9.38547 Mpixels
 EncodeManager:                  2.01564 MiB (1:17.8673 ratio)
 EncodeManager:   Tight (JPEG):
 EncodeManager:     Full Colour: 7.718 krects, 23.7062 Mpixels
 EncodeManager:                  28.6246 MiB (1:3.16233 ratio)
 EncodeManager:   Total: 33.255 krects, 44.0079 Mpixels
 EncodeManager:          30.7651 MiB (1:5.4691 ratio)
 ComparingUpdateTracker: 942.737 Mpixels in / 35.312 Mpixels out
 ComparingUpdateTracker: (1:26.6974 ratio)
 success!

Xvnc TigerVNC 1.11.0 - built 2022-01-26 17:59
Copyright (C) 1999-2020 TigerVNC Team and many others (see README.rst)
See https://www.tigervnc.org for information on TigerVNC.
Underlying X server release 12011000, The X.Org Foundation


Thu Jul  6 18:49:44 2023
 vncext:      VNC extension running!
 vncext:      Listening for VNC connections on all interface(s), port 5901
 vncext:      created VNC server for screen 0
3NI3X0 New Xtigervnc server 'localhost:1 (root)' on port 5901 for display :1.
3NI3X0 Use xtigervncviewer -SecurityTypes VncAuth,TLSVnc -passwd /root/.vnc/passwd localhost:1 to connect to the VNC server.
W: [pulseaudio] main.c: This program is not intended to be run as root (unless --system is specified).
N: [pulseaudio] main.c: User-configured server at 127.0.0.1, refusing to start/autospawn.
2023-07-06 18:49:45 W: awesome: a_dbus_connect:611: Could not connect to D-Bus session bus: /usr/bin/dbus-launch terminated abnormally without any error message
2023-07-06 18:49:45 W: awesome: a_dbus_connect:611: Could not connect to D-Bus system bus: Failed to connect to socket /run/dbus/system_bus_socket: No such file or directory
2023-07-06 18:49:47 W: awesome: a_glib_poll:437: Last main loop iteration took 0.263004 seconds! Increasing limit for this warning to that value.
2023-07-06 18:49:48 W: awesome: a_glib_poll:437: Last main loop iteration took 0.462657 seconds! Increasing limit for this warning to that value.

Thu Jul  6 18:50:01 2023
 Connections: accepted: 127.0.0.1::52554
 SConnection: Client needs protocol version 3.8
 SConnection: Client requests security type VeNCrypt(19)
 SVeNCrypt:   Client requests security type VncAuth (2)
 VNCSConnST:  Server default pixel format depth 24 (32bpp) little-endian rgb888
 VNCSConnST:  Client pixel format depth 24 (32bpp) little-endian rgb888
 ComparingUpdateTracker: 0 pixels in / 0 pixels out
 ComparingUpdateTracker: (1:nan ratio)
 VNCSConnST:  FramebufferUpdateRequest 1920x1200 at 0,0 exceeds framebuffer
              2134x1080
 ComparingUpdateTracker: 0 pixels in / 0 pixels out
 ComparingUpdateTracker: (1:nan ratio)
 ComparingUpdateTracker: 0 pixels in / 0 pixels out
 ComparingUpdateTracker: (1:nan ratio)
2023-07-06 18:50:02 W: awesome: a_glib_poll:437: Last main loop iteration took 1.253527 seconds! Increasing limit for this warning to that value.

Thu Jul  6 18:51:57 2023
 VNCSConnST:  closing 127.0.0.1::52554: Server shutdown
 EncodeManager: Framebuffer updates: 569
 EncodeManager:   Tight:
 EncodeManager:     Solid: 256 rects, 6.3094 Mpixels
 EncodeManager:            4 KiB (1:6162.28 ratio)
 EncodeManager:     Bitmap RLE: 196 rects, 62.964 kpixels
 EncodeManager:                 5.62598 KiB (1:44.1257 ratio)
 EncodeManager:     Indexed RLE: 483 rects, 567.109 kpixels
 EncodeManager:                  153.665 KiB (1:14.4531 ratio)
 EncodeManager:   Tight (JPEG):
 EncodeManager:     Full Colour: 449 rects, 2.26689 Mpixels
 EncodeManager:                  936.543 KiB (1:9.46063 ratio)
 EncodeManager:   Total: 1.384 krects, 9.20636 Mpixels
 EncodeManager:          1.07406 MiB (1:32.7127 ratio)
 ComparingUpdateTracker: 6.92243 Mpixels in / 1.34389 Mpixels out
 ComparingUpdateTracker: (1:5.15103 ratio)
The Xtigervnc server cleanly exited!

Xvnc TigerVNC 1.11.0 - built 2022-01-26 17:59
Copyright (C) 1999-2020 TigerVNC Team and many others (see README.rst)
See https://www.tigervnc.org for information on TigerVNC.
Underlying X server release 12011000, The X.Org Foundation


Thu Jul  6 18:53:27 2023
 vncext:      VNC extension running!
 vncext:      Listening for VNC connections on all interface(s), port 5901
 vncext:      created VNC server for screen 0
3NI3X0 New Xtigervnc server 'localhost:1 (root)' on port 5901 for display :1.
3NI3X0 Use xtigervncviewer -SecurityTypes VncAuth,TLSVnc -passwd /root/.vnc/passwd localhost:1 to connect to the VNC server.
W: [pulseaudio] main.c: This program is not intended to be run as root (unless --system is specified).
N: [pulseaudio] main.c: User-configured server at 127.0.0.1, refusing to start/autospawn.
2023-07-06 18:53:29 W: awesome: a_dbus_connect:611: Could not connect to D-Bus session bus: /usr/bin/dbus-launch terminated abnormally without any error message
2023-07-06 18:53:29 W: awesome: a_dbus_connect:611: Could not connect to D-Bus system bus: Failed to connect to socket /run/dbus/system_bus_socket: No such file or directory
2023-07-06 18:53:34 W: awesome: a_glib_poll:437: Last main loop iteration took 0.836688 seconds! Increasing limit for this warning to that value.
2023-07-06 18:53:36 W: awesome: a_glib_poll:437: Last main loop iteration took 1.676516 seconds! Increasing limit for this warning to that value.

Thu Jul  6 18:53:43 2023
 Connections: accepted: 127.0.0.1::52558
 SConnection: Client needs protocol version 3.8
 SConnection: Client requests security type VeNCrypt(19)
 SVeNCrypt:   Client requests security type VncAuth (2)
 VNCSConnST:  Server default pixel format depth 24 (32bpp) little-endian rgb888
 VNCSConnST:  Client pixel format depth 24 (32bpp) little-endian rgb888

Thu Jul  6 18:53:44 2023
 ComparingUpdateTracker: 0 pixels in / 0 pixels out
 ComparingUpdateTracker: (1:nan ratio)
 VNCSConnST:  FramebufferUpdateRequest 1920x1200 at 0,0 exceeds framebuffer
              2134x1080
 ComparingUpdateTracker: 0 pixels in / 0 pixels out
 ComparingUpdateTracker: (1:nan ratio)
 ComparingUpdateTracker: 0 pixels in / 0 pixels out
 ComparingUpdateTracker: (1:nan ratio)
2023-07-06 18:53:47 W: awesome: a_glib_poll:437: Last main loop iteration took 3.429638 seconds! Increasing limit for this warning to that value.
2023-07-06 18:54:52 E: awesome: a_xcb_io_cb:401: X server connection broke (error 1)

Thu Jul  6 18:54:52 2023
 VNCSConnST:  closing 127.0.0.1::52558: Server shutdown
 EncodeManager: Framebuffer updates: 444
 EncodeManager:   Tight:
 EncodeManager:     Solid: 138 rects, 4.20054 Mpixels
 EncodeManager:            2.15625 KiB (1:7610.42 ratio)
 EncodeManager:     Bitmap RLE: 97 rects, 30.467 kpixels
 EncodeManager:                 3.04492 KiB (1:39.4586 ratio)
 EncodeManager:     Indexed RLE: 323 rects, 442.834 kpixels
 EncodeManager:                  114.023 KiB (1:15.2039 ratio)
 EncodeManager:   Tight (JPEG):
 EncodeManager:     Full Colour: 328 rects, 1.4239 Mpixels
 EncodeManager:                  637.479 KiB (1:8.73123 ratio)
 EncodeManager:   Total: 886 rects, 6.09774 Mpixels
 EncodeManager:          756.703 KiB (1:31.4915 ratio)
 ComparingUpdateTracker: 2.61024 Mpixels in / 641.76 kpixels out
 ComparingUpdateTracker: (1:4.06731 ratio)
The X session exited with status 1!
Killing Xtigervnc process ID 11289... success!

Xvnc TigerVNC 1.11.0 - built 2022-01-26 17:59
Copyright (C) 1999-2020 TigerVNC Team and many others (see README.rst)
See https://www.tigervnc.org for information on TigerVNC.
Underlying X server release 12011000, The X.Org Foundation


Thu Jul  6 18:55:07 2023
 vncext:      VNC extension running!
 vncext:      Listening for VNC connections on all interface(s), port 5901
 vncext:      created VNC server for screen 0
3NI3X0 New Xtigervnc server 'localhost:1 (root)' on port 5901 for display :1.
3NI3X0 Use xtigervncviewer -SecurityTypes VncAuth,TLSVnc -passwd /root/.vnc/passwd localhost:1 to connect to the VNC server.
W: [pulseaudio] main.c: This program is not intended to be run as root (unless --system is specified).
N: [pulseaudio] main.c: User-configured server at 127.0.0.1, refusing to start/autospawn.
2023-07-06 18:55:09 W: awesome: a_dbus_connect:611: Could not connect to D-Bus session bus: /usr/bin/dbus-launch terminated abnormally without any error message
2023-07-06 18:55:09 W: awesome: a_dbus_connect:611: Could not connect to D-Bus system bus: Failed to connect to socket /run/dbus/system_bus_socket: No such file or directory

Thu Jul  6 18:55:12 2023
 Connections: accepted: 127.0.0.1::52566
 SConnection: Client needs protocol version 3.8
 SConnection: Client requests security type VeNCrypt(19)
 SVeNCrypt:   Client requests security type VncAuth (2)
 VNCSConnST:  Server default pixel format depth 24 (32bpp) little-endian rgb888
 VNCSConnST:  Client pixel format depth 24 (32bpp) little-endian rgb888
 ComparingUpdateTracker: 0 pixels in / 0 pixels out
 ComparingUpdateTracker: (1:nan ratio)
 VNCSConnST:  FramebufferUpdateRequest 1920x1200 at 0,0 exceeds framebuffer
              2134x1080

Thu Jul  6 18:55:13 2023
 ComparingUpdateTracker: 0 pixels in / 0 pixels out
 ComparingUpdateTracker: (1:nan ratio)
2023-07-06 18:55:16 W: awesome: a_glib_poll:437: Last main loop iteration took 1.292832 seconds! Increasing limit for this warning to that value.
2023-07-06 18:55:18 W: awesome: a_glib_poll:437: Last main loop iteration took 1.994730 seconds! Increasing limit for this warning to that value.
2023-07-06 18:55:20 W: awesome: a_glib_poll:437: Last main loop iteration took 2.107155 seconds! Increasing limit for this warning to that value.
2023-07-06 18:56:13 E: awesome: a_xcb_io_cb:401: X server connection broke (error 1)

Thu Jul  6 18:56:13 2023
 VNCSConnST:  closing 127.0.0.1::52566: Server shutdown
 EncodeManager: Framebuffer updates: 258
 EncodeManager:   Tight:
 EncodeManager:     Solid: 102 rects, 7.04723 Mpixels
 EncodeManager:            1.59375 KiB (1:17273.4 ratio)
 EncodeManager:     Bitmap RLE: 81 rects, 28.478 kpixels
 EncodeManager:                 2.48242 KiB (1:45.1943 ratio)
 EncodeManager:     Indexed RLE: 203 rects, 287.529 kpixels
 EncodeManager:                  75.7402 KiB (1:14.8605 ratio)
 EncodeManager:   Tight (JPEG):
 EncodeManager:     Full Colour: 188 rects, 894.051 kpixels
 EncodeManager:                  362.896 KiB (1:9.62972 ratio)
 EncodeManager:   Total: 574 rects, 8.25729 Mpixels
 EncodeManager:          442.713 KiB (1:72.8729 ratio)
 ComparingUpdateTracker: 5.13024 Mpixels in / 3.11664 Mpixels out
 ComparingUpdateTracker: (1:1.64608 ratio)
The X session exited with status 1!
Killing Xtigervnc process ID 11598... success!

Xvnc TigerVNC 1.11.0 - built 2022-01-26 17:59
Copyright (C) 1999-2020 TigerVNC Team and many others (see README.rst)
See https://www.tigervnc.org for information on TigerVNC.
Underlying X server release 12011000, The X.Org Foundation


Thu Jul  6 18:56:25 2023
 vncext:      VNC extension running!
 vncext:      Listening for VNC connections on all interface(s), port 5901
 vncext:      created VNC server for screen 0
3NI3X0 New Xtigervnc server 'localhost:1 (root)' on port 5901 for display :1.
3NI3X0 Use xtigervncviewer -SecurityTypes VncAuth,TLSVnc -passwd /root/.vnc/passwd localhost:1 to connect to the VNC server.
W: [pulseaudio] main.c: This program is not intended to be run as root (unless --system is specified).
N: [pulseaudio] main.c: User-configured server at 127.0.0.1, refusing to start/autospawn.
2023-07-06 18:56:27 W: awesome: a_dbus_connect:611: Could not connect to D-Bus session bus: /usr/bin/dbus-launch terminated abnormally without any error message
2023-07-06 18:56:27 W: awesome: a_dbus_connect:611: Could not connect to D-Bus system bus: Failed to connect to socket /run/dbus/system_bus_socket: No such file or directory

Thu Jul  6 18:56:27 2023
 Connections: accepted: 127.0.0.1::52568
 SConnection: Client needs protocol version 3.8
 SConnection: Client requests security type VeNCrypt(19)
 SVeNCrypt:   Client requests security type VncAuth (2)
 VNCSConnST:  Server default pixel format depth 24 (32bpp) little-endian rgb888
 VNCSConnST:  Client pixel format depth 24 (32bpp) little-endian rgb888
 ComparingUpdateTracker: 0 pixels in / 0 pixels out
 ComparingUpdateTracker: (1:nan ratio)
 VNCSConnST:  FramebufferUpdateRequest 1920x1200 at 0,0 exceeds framebuffer
              2134x1080

Thu Jul  6 18:56:28 2023
 ComparingUpdateTracker: 0 pixels in / 0 pixels out
 ComparingUpdateTracker: (1:nan ratio)
2023-07-06 18:56:33 W: awesome: a_glib_poll:437: Last main loop iteration took 1.162720 seconds! Increasing limit for this warning to that value.
2023-07-06 18:56:35 W: awesome: a_glib_poll:437: Last main loop iteration took 2.141604 seconds! Increasing limit for this warning to that value.
2023-07-06 19:02:40 E: awesome: a_xcb_io_cb:401: X server connection broke (error 1)

Thu Jul  6 19:02:40 2023
 VNCSConnST:  closing 127.0.0.1::52568: Server shutdown
 EncodeManager: Framebuffer updates: 454
 EncodeManager:   Tight:
 EncodeManager:     Solid: 105 rects, 7.05009 Mpixels
 EncodeManager:            1.64062 KiB (1:16786.7 ratio)
 EncodeManager:     Bitmap RLE: 82 rects, 29.554 kpixels
 EncodeManager:                 2.65137 KiB (1:43.9042 ratio)
 EncodeManager:     Indexed RLE: 315 rects, 437.156 kpixels
 EncodeManager:                  118.322 KiB (1:14.4633 ratio)
 EncodeManager:   Tight (JPEG):
 EncodeManager:     Full Colour: 295 rects, 1.05401 Mpixels
 EncodeManager:                  560.03 KiB (1:7.35797 ratio)
 EncodeManager:   Total: 797 rects, 8.57081 Mpixels
 EncodeManager:          682.645 KiB (1:49.0578 ratio)
 ComparingUpdateTracker: 5.35584 Mpixels in / 3.11734 Mpixels out
 ComparingUpdateTracker: (1:1.71808 ratio)
The X session exited with status 1!
Killing Xtigervnc process ID 11815... success!

Xvnc TigerVNC 1.11.0 - built 2022-01-26 17:59
Copyright (C) 1999-2020 TigerVNC Team and many others (see README.rst)
See https://www.tigervnc.org for information on TigerVNC.
Underlying X server release 12011000, The X.Org Foundation


Thu Jul  6 19:02:55 2023
 vncext:      VNC extension running!
 vncext:      Listening for VNC connections on all interface(s), port 5901
 vncext:      created VNC server for screen 0
3NI3X0 New Xtigervnc server 'localhost:1 (root)' on port 5901 for display :1.
3NI3X0 Use xtigervncviewer -SecurityTypes VncAuth,TLSVnc -passwd /root/.vnc/passwd localhost:1 to connect to the VNC server.
W: [pulseaudio] main.c: This program is not intended to be run as root (unless --system is specified).
N: [pulseaudio] main.c: User-configured server at 127.0.0.1, refusing to start/autospawn.

Thu Jul  6 19:02:57 2023
 Connections: accepted: 127.0.0.1::52570
 SConnection: Client needs protocol version 3.8
 SConnection: Client requests security type VeNCrypt(19)
 SVeNCrypt:   Client requests security type VncAuth (2)
 VNCSConnST:  Server default pixel format depth 24 (32bpp) little-endian rgb888
 VNCSConnST:  Client pixel format depth 24 (32bpp) little-endian rgb888
2023-07-06 19:02:57 W: awesome: a_dbus_connect:611: Could not connect to D-Bus session bus: /usr/bin/dbus-launch terminated abnormally without any error message
2023-07-06 19:02:57 W: awesome: a_dbus_connect:611: Could not connect to D-Bus system bus: Failed to connect to socket /run/dbus/system_bus_socket: No such file or directory
 ComparingUpdateTracker: 0 pixels in / 0 pixels out
 ComparingUpdateTracker: (1:nan ratio)
 VNCSConnST:  FramebufferUpdateRequest 1920x1200 at 0,0 exceeds framebuffer
              2134x1080
 ComparingUpdateTracker: 1 pixels in / 0 pixels out
 ComparingUpdateTracker: (1:inf ratio)
2023-07-06 19:03:05 W: awesome: a_glib_poll:437: Last main loop iteration took 1.227905 seconds! Increasing limit for this warning to that value.
2023-07-06 19:03:07 W: awesome: a_glib_poll:437: Last main loop iteration took 2.048240 seconds! Increasing limit for this warning to that value.
Failed to connect to session manager: Failed to connect to the session manager: SESSION_MANAGER environment variable not defined
2023-07-06 19:05:52 E: awesome: a_xcb_io_cb:401: X server connection broke (error 1)
The X session exited with status 1!
Killing Xtigervnc process ID 12333...
Thu Jul  6 19:05:53 2023
 VNCSConnST:  closing 127.0.0.1::52570: Server shutdown
 EncodeManager: Framebuffer updates: 1582
 EncodeManager:   Tight:
 EncodeManager:     Solid: 179 rects, 8.67977 Mpixels
 EncodeManager:            2.79688 KiB (1:12123.3 ratio)
 EncodeManager:     Bitmap RLE: 83 rects, 52.416 kpixels
 EncodeManager:                 2.33887 KiB (1:87.9582 ratio)
 EncodeManager:     Indexed RLE: 453 rects, 518.192 kpixels
 EncodeManager:                  141.45 KiB (1:14.3478 ratio)
 EncodeManager:   Tight (JPEG):
 EncodeManager:     Full Colour: 382 rects, 1.28646 Mpixels
 EncodeManager:                  794.125 KiB (1:6.33365 ratio)
 EncodeManager:   Total: 1.097 krects, 10.5368 Mpixels
 EncodeManager:          940.711 KiB (1:43.7673 ratio)
 ComparingUpdateTracker: 17.1912 Mpixels in / 5.02476 Mpixels out
 ComparingUpdateTracker: (1:3.42129 ratio)
 success!

Xvnc TigerVNC 1.11.0 - built 2022-01-26 17:59
Copyright (C) 1999-2020 TigerVNC Team and many others (see README.rst)
See https://www.tigervnc.org for information on TigerVNC.
Underlying X server release 12011000, The X.Org Foundation


Thu Jul  6 19:06:04 2023
 vncext:      VNC extension running!
 vncext:      Listening for VNC connections on all interface(s), port 5901
 vncext:      created VNC server for screen 0
3NI3X0 New Xtigervnc server 'localhost:1 (root)' on port 5901 for display :1.
3NI3X0 Use xtigervncviewer -SecurityTypes VncAuth,TLSVnc -passwd /root/.vnc/passwd localhost:1 to connect to the VNC server.
W: [pulseaudio] main.c: This program is not intended to be run as root (unless --system is specified).
N: [pulseaudio] main.c: User-configured server at 127.0.0.1, refusing to start/autospawn.
2023-07-06 19:06:06 W: awesome: a_dbus_connect:611: Could not connect to D-Bus session bus: /usr/bin/dbus-launch terminated abnormally without any error message
2023-07-06 19:06:06 W: awesome: a_dbus_connect:611: Could not connect to D-Bus system bus: Failed to connect to socket /run/dbus/system_bus_socket: No such file or directory
2023-07-06 19:06:12 W: awesome: a_glib_poll:437: Last main loop iteration took 1.063171 seconds! Increasing limit for this warning to that value.
2023-07-06 19:06:15 W: awesome: a_glib_poll:437: Last main loop iteration took 2.383435 seconds! Increasing limit for this warning to that value.

Thu Jul  6 19:06:44 2023
 Connections: accepted: 127.0.0.1::52596
 SConnection: Client needs protocol version 3.8
 SConnection: Client requests security type VeNCrypt(19)
 SVeNCrypt:   Client requests security type VncAuth (2)
 VNCSConnST:  Server default pixel format depth 24 (32bpp) little-endian rgb888
 VNCSConnST:  Client pixel format depth 24 (32bpp) little-endian rgb888
 ComparingUpdateTracker: 0 pixels in / 0 pixels out
 ComparingUpdateTracker: (1:nan ratio)
 VNCSConnST:  FramebufferUpdateRequest 1920x1200 at 0,0 exceeds framebuffer
              2134x1080
 ComparingUpdateTracker: 0 pixels in / 0 pixels out
 ComparingUpdateTracker: (1:nan ratio)
2023-07-06 19:06:46 W: awesome: a_glib_poll:437: Last main loop iteration took 2.552193 seconds! Increasing limit for this warning to that value.
2023-07-06 19:07:00 E: awesome: a_xcb_io_cb:401: X server connection broke (error 1)
The X session exited with status 1!
Killing Xtigervnc process ID 12706...
Thu Jul  6 19:07:00 2023
 VNCSConnST:  closing 127.0.0.1::52596: Server shutdown
 EncodeManager: Framebuffer updates: 447
 EncodeManager:   Tight:
 EncodeManager:     Solid: 199 rects, 4.25409 Mpixels
 EncodeManager:            3.10938 KiB (1:5345.08 ratio)
 EncodeManager:     Bitmap RLE: 180 rects, 48.729 kpixels
 EncodeManager:                 5.14648 KiB (1:37.3958 ratio)
 EncodeManager:     Indexed RLE: 407 rects, 508.188 kpixels
 EncodeManager:                  140.047 KiB (1:14.2087 ratio)
 EncodeManager:   Tight (JPEG):
 EncodeManager:     Full Colour: 369 rects, 1.71216 Mpixels
 EncodeManager:                  720.719 KiB (1:9.2858 ratio)
 EncodeManager:   Total: 1.155 krects, 6.52317 Mpixels
 EncodeManager:          869.021 KiB (1:29.3372 ratio)
 ComparingUpdateTracker: 5.09124 Mpixels in / 1.06655 Mpixels out
 ComparingUpdateTracker: (1:4.77355 ratio)
 success!

Xvnc TigerVNC 1.11.0 - built 2022-01-26 17:59
Copyright (C) 1999-2020 TigerVNC Team and many others (see README.rst)
See https://www.tigervnc.org for information on TigerVNC.
Underlying X server release 12011000, The X.Org Foundation


Thu Jul  6 19:07:18 2023
 vncext:      VNC extension running!
 vncext:      Listening for VNC connections on all interface(s), port 5901
 vncext:      created VNC server for screen 0
3NI3X0 New Xtigervnc server 'localhost:1 (root)' on port 5901 for display :1.
3NI3X0 Use xtigervncviewer -SecurityTypes VncAuth,TLSVnc -passwd /root/.vnc/passwd localhost:1 to connect to the VNC server.
W: [pulseaudio] main.c: This program is not intended to be run as root (unless --system is specified).
N: [pulseaudio] main.c: User-configured server at 127.0.0.1, refusing to start/autospawn.
2023-07-06 19:07:21 W: awesome: a_dbus_connect:611: Could not connect to D-Bus session bus: /usr/bin/dbus-launch terminated abnormally without any error message
2023-07-06 19:07:21 W: awesome: a_dbus_connect:611: Could not connect to D-Bus system bus: Failed to connect to socket /run/dbus/system_bus_socket: No such file or directory
2023-07-06 19:07:27 W: awesome: a_glib_poll:437: Last main loop iteration took 0.948357 seconds! Increasing limit for this warning to that value.
2023-07-06 19:07:30 W: awesome: a_glib_poll:437: Last main loop iteration took 2.019916 seconds! Increasing limit for this warning to that value.

Thu Jul  6 19:07:52 2023
 Connections: accepted: 127.0.0.1::52598
 SConnection: Client needs protocol version 3.8
 SConnection: Client requests security type VeNCrypt(19)
 SVeNCrypt:   Client requests security type VncAuth (2)
 VNCSConnST:  Server default pixel format depth 24 (32bpp) little-endian rgb888
 VNCSConnST:  Client pixel format depth 24 (32bpp) little-endian rgb888
 ComparingUpdateTracker: 0 pixels in / 0 pixels out
 ComparingUpdateTracker: (1:nan ratio)
 VNCSConnST:  FramebufferUpdateRequest 1920x1200 at 0,0 exceeds framebuffer
              2134x1080

Thu Jul  6 19:07:53 2023
 ComparingUpdateTracker: 0 pixels in / 0 pixels out
 ComparingUpdateTracker: (1:nan ratio)
2023-07-06 19:07:55 W: awesome: a_glib_poll:437: Last main loop iteration took 2.586326 seconds! Increasing limit for this warning to that value.
2023-07-06 19:12:13 W: awesome: a_glib_poll:437: Last main loop iteration took 8.277026 seconds! Increasing limit for this warning to that value.
Failed to connect to session manager: Failed to connect to the session manager: SESSION_MANAGER environment variable not defined
2023-07-06 19:13:56 E: awesome: a_xcb_io_cb:401: X server connection broke (error 1)
The X session exited with status 1!
Killing Xtigervnc process ID 12888...
Thu Jul  6 19:13:56 2023
 VNCSConnST:  closing 127.0.0.1::52598: Server shutdown
 EncodeManager: Framebuffer updates: 677
 EncodeManager:   Tight:
 EncodeManager:     Solid: 229 rects, 5.12598 Mpixels
 EncodeManager:            3.57812 KiB (1:5596.79 ratio)
 EncodeManager:     Bitmap RLE: 184 rects, 69.326 kpixels
 EncodeManager:                 5.26074 KiB (1:51.8864 ratio)
 EncodeManager:     Indexed RLE: 462 rects, 526.627 kpixels
 EncodeManager:                  144.354 KiB (1:14.2882 ratio)
 EncodeManager:   Tight (JPEG):
 EncodeManager:     Full Colour: 384 rects, 1.7969 Mpixels
 EncodeManager:                  760.074 KiB (1:9.24075 ratio)
 EncodeManager:   Total: 1.259 krects, 7.51883 Mpixels
 EncodeManager:          913.267 KiB (1:32.1759 ratio)
 ComparingUpdateTracker: 18.5081 Mpixels in / 2.07584 Mpixels out
 ComparingUpdateTracker: (1:8.91595 ratio)
 success!

Xvnc TigerVNC 1.11.0 - built 2022-01-26 17:59
Copyright (C) 1999-2020 TigerVNC Team and many others (see README.rst)
See https://www.tigervnc.org for information on TigerVNC.
Underlying X server release 12011000, The X.Org Foundation


Thu Jul  6 19:14:18 2023
 vncext:      VNC extension running!
 vncext:      Listening for VNC connections on all interface(s), port 5901
 vncext:      created VNC server for screen 0
3NI3X0 New Xtigervnc server 'localhost:1 (root)' on port 5901 for display :1.
3NI3X0 Use xtigervncviewer -SecurityTypes VncAuth,TLSVnc -passwd /root/.vnc/passwd localhost:1 to connect to the VNC server.
W: [pulseaudio] main.c: This program is not intended to be run as root (unless --system is specified).
N: [pulseaudio] main.c: User-configured server at 127.0.0.1, refusing to start/autospawn.
2023-07-06 19:14:21 W: awesome: a_dbus_connect:611: Could not connect to D-Bus session bus: /usr/bin/dbus-launch terminated abnormally without any error message
2023-07-06 19:14:21 W: awesome: a_dbus_connect:611: Could not connect to D-Bus system bus: Failed to connect to socket /run/dbus/system_bus_socket: No such file or directory

Thu Jul  6 19:14:22 2023
 Connections: accepted: 192.168.1.154::56746
 SConnection: Client needs protocol version 3.8
 SConnection: Client requests security type VncAuth(2)

Thu Jul  6 19:14:26 2023
 SConnection: AuthFailureException: Authentication failure
 VNCSConnST:  closing 192.168.1.154::56746: Authentication failure:
              Authentication failure
 EncodeManager: Framebuffer updates: 0
 EncodeManager:   Total: 0 rects, 0 pixels
 EncodeManager:          0 B (1:nan ratio)
 Connections: closed: 192.168.1.154::56746
 ComparingUpdateTracker: 0 pixels in / 0 pixels out
 ComparingUpdateTracker: (1:nan ratio)
2023-07-06 19:14:29 W: awesome: a_glib_poll:437: Last main loop iteration took 1.298278 seconds! Increasing limit for this warning to that value.

Thu Jul  6 19:14:30 2023
 Connections: accepted: 192.168.1.154::56752
 SConnection: Client needs protocol version 3.8
 SConnection: Client requests security type VncAuth(2)
2023-07-06 19:14:33 W: awesome: a_glib_poll:437: Last main loop iteration took 3.266839 seconds! Increasing limit for this warning to that value.

Thu Jul  6 19:14:33 2023
 VNCSConnST:  Server default pixel format depth 24 (32bpp) little-endian rgb888
 ComparingUpdateTracker: 0 pixels in / 0 pixels out
 ComparingUpdateTracker: (1:nan ratio)
Failed to connect to session manager: Failed to connect to the session manager: SESSION_MANAGER environment variable not defined
2023-07-06 19:18:55 E: awesome: a_xcb_io_cb:401: X server connection broke (error 1)
The X session exited with status 1!
Killing Xtigervnc process ID 13296...
Thu Jul  6 19:18:55 2023
 VNCSConnST:  closing 192.168.1.154::56752: Server shutdown
 EncodeManager: Framebuffer updates: 1767
 EncodeManager:   Tight:
 EncodeManager:     Solid: 7.186 krects, 15.6983 Mpixels
 EncodeManager:            112.281 KiB (1:546.892 ratio)
 EncodeManager:     Bitmap RLE: 734 rects, 313.85 kpixels
 EncodeManager:                 22.125 KiB (1:55.8001 ratio)
 EncodeManager:     Indexed RLE: 6.871 krects, 4.39543 Mpixels
 EncodeManager:                  1023.37 KiB (1:16.8563 ratio)
 EncodeManager:   Tight (JPEG):
 EncodeManager:     Full Colour: 4.405 krects, 25.0364 Mpixels
 EncodeManager:                  21.8124 MiB (1:4.38084 ratio)
 EncodeManager:   Total: 19.196 krects, 45.444 Mpixels
 EncodeManager:          22.9431 MiB (1:7.56546 ratio)
 ComparingUpdateTracker: 304.862 Mpixels in / 39.4893 Mpixels out
 ComparingUpdateTracker: (1:7.72012 ratio)
 success!

Xvnc TigerVNC 1.11.0 - built 2022-01-26 17:59
Copyright (C) 1999-2020 TigerVNC Team and many others (see README.rst)
See https://www.tigervnc.org for information on TigerVNC.
Underlying X server release 12011000, The X.Org Foundation


Thu Jul  6 19:19:08 2023
 vncext:      VNC extension running!
 vncext:      Listening for VNC connections on all interface(s), port 5901
 vncext:      created VNC server for screen 0
3NI3X0 New Xtigervnc server 'localhost:1 (root)' on port 5901 for display :1.
3NI3X0 Use xtigervncviewer -SecurityTypes VncAuth,TLSVnc -passwd /root/.vnc/passwd localhost:1 to connect to the VNC server.
W: [pulseaudio] main.c: This program is not intended to be run as root (unless --system is specified).
N: [pulseaudio] main.c: User-configured server at 127.0.0.1, refusing to start/autospawn.
2023-07-06 19:19:11 W: awesome: a_dbus_connect:611: Could not connect to D-Bus session bus: /usr/bin/dbus-launch terminated abnormally without any error message
2023-07-06 19:19:11 W: awesome: a_dbus_connect:611: Could not connect to D-Bus system bus: Failed to connect to socket /run/dbus/system_bus_socket: No such file or directory
error while running function!
stack traceback:
	/root/.config/awesome/rc.lua:5: in main chunk
error: /root/.config/awesome/rc.lua:5: attempt to index a nil value (global 'awful')

Thu Jul  6 19:19:13 2023
 Connections: accepted: 192.168.1.154::44058
 SConnection: Client needs protocol version 3.8
 SConnection: Client requests security type VncAuth(2)

Thu Jul  6 19:19:15 2023
 VNCSConnST:  Server default pixel format depth 24 (32bpp) little-endian rgb888
 ComparingUpdateTracker: 0 pixels in / 0 pixels out
 ComparingUpdateTracker: (1:nan ratio)
2023-07-06 19:19:17 W: awesome: a_glib_poll:437: Last main loop iteration took 1.109301 seconds! Increasing limit for this warning to that value.
2023-07-06 19:19:18 W: awesome: a_glib_poll:437: Last main loop iteration took 1.468935 seconds! Increasing limit for this warning to that value.
2023-07-06 19:19:20 W: awesome: a_glib_poll:437: Last main loop iteration took 1.747267 seconds! Increasing limit for this warning to that value.
Failed to connect to session manager: Failed to connect to the session manager: SESSION_MANAGER environment variable not defined
2023-07-06 19:23:40 E: awesome: a_xcb_io_cb:401: X server connection broke (error 1)
The X session exited with status 1!
Killing Xtigervnc process ID 13558...
Thu Jul  6 19:23:40 2023
 VNCSConnST:  closing 192.168.1.154::44058: Server shutdown
 EncodeManager: Framebuffer updates: 1957
 EncodeManager:   Tight:
 EncodeManager:     Solid: 7.999 krects, 19.4181 Mpixels
 EncodeManager:            124.984 KiB (1:607.641 ratio)
 EncodeManager:     Bitmap RLE: 736 rects, 350.492 kpixels
 EncodeManager:                 22.1846 KiB (1:62.1033 ratio)
 EncodeManager:     Indexed RLE: 7.858 krects, 5.43358 Mpixels
 EncodeManager:                  1.12884 MiB (1:18.4413 ratio)
 EncodeManager:   Tight (JPEG):
 EncodeManager:     Full Colour: 5.576 krects, 30.3731 Mpixels
 EncodeManager:                  26.3031 MiB (1:4.40738 ratio)
 EncodeManager:   Total: 22.169 krects, 55.5752 Mpixels
 EncodeManager:          27.5757 MiB (1:7.69723 ratio)
 ComparingUpdateTracker: 291.977 Mpixels in / 50.9551 Mpixels out
 ComparingUpdateTracker: (1:5.73007 ratio)
 success!

Xvnc TigerVNC 1.11.0 - built 2022-01-26 17:59
Copyright (C) 1999-2020 TigerVNC Team and many others (see README.rst)
See https://www.tigervnc.org for information on TigerVNC.
Underlying X server release 12011000, The X.Org Foundation


Thu Jul  6 19:23:54 2023
 vncext:      VNC extension running!
 vncext:      Listening for VNC connections on all interface(s), port 5901
 vncext:      created VNC server for screen 0
3NI3X0 New Xtigervnc server 'localhost:1 (root)' on port 5901 for display :1.
3NI3X0 Use xtigervncviewer -SecurityTypes VncAuth,TLSVnc -passwd /root/.vnc/passwd localhost:1 to connect to the VNC server.
W: [pulseaudio] main.c: This program is not intended to be run as root (unless --system is specified).
N: [pulseaudio] main.c: User-configured server at 127.0.0.1, refusing to start/autospawn.
2023-07-06 19:23:55 W: awesome: a_dbus_connect:611: Could not connect to D-Bus session bus: /usr/bin/dbus-launch terminated abnormally without any error message
2023-07-06 19:23:55 W: awesome: a_dbus_connect:611: Could not connect to D-Bus system bus: Failed to connect to socket /run/dbus/system_bus_socket: No such file or directory
2023-07-06 19:24:02 W: awesome: a_glib_poll:437: Last main loop iteration took 0.987845 seconds! Increasing limit for this warning to that value.

Thu Jul  6 19:24:04 2023
 Connections: accepted: 192.168.1.154::56024
 SConnection: Client needs protocol version 3.8
 SConnection: Client requests security type VncAuth(2)
2023-07-06 19:24:04 W: awesome: a_glib_poll:437: Last main loop iteration took 2.220559 seconds! Increasing limit for this warning to that value.
Failed to connect to session manager: Failed to connect to the session manager: SESSION_MANAGER environment variable not defined

Thu Jul  6 19:24:07 2023
 VNCSConnST:  Server default pixel format depth 24 (32bpp) little-endian rgb888
 ComparingUpdateTracker: 0 pixels in / 0 pixels out
 ComparingUpdateTracker: (1:nan ratio)
2023-07-06 19:24:23 E: awesome: a_xcb_io_cb:401: X server connection broke (error 1)
The X session exited with status 1!
Killing Xtigervnc process ID 13824...
Thu Jul  6 19:24:23 2023
 VNCSConnST:  closing 192.168.1.154::56024: Server shutdown
 EncodeManager: Framebuffer updates: 93
 EncodeManager:   Tight:
 EncodeManager:     Solid: 108 rects, 1.81936 Mpixels
 EncodeManager:            1.6875 KiB (1:4212.24 ratio)
 EncodeManager:     Bitmap RLE: 69 rects, 31.648 kpixels
 EncodeManager:                 2.0166 KiB (1:61.7046 ratio)
 EncodeManager:     Indexed RLE: 87 rects, 116.652 kpixels
 EncodeManager:                  31.4277 KiB (1:14.5315 ratio)
 EncodeManager:   Tight (JPEG):
 EncodeManager:     Full Colour: 123 rects, 794.722 kpixels
 EncodeManager:                  428.85 KiB (1:7.24222 ratio)
 EncodeManager:   Total: 387 rects, 2.76238 Mpixels
 EncodeManager:          463.981 KiB (1:23.2662 ratio)
 ComparingUpdateTracker: 5.63661 Mpixels in / 1.33161 Mpixels out
 ComparingUpdateTracker: (1:4.23293 ratio)
 success!

Xvnc TigerVNC 1.11.0 - built 2022-01-26 17:59
Copyright (C) 1999-2020 TigerVNC Team and many others (see README.rst)
See https://www.tigervnc.org for information on TigerVNC.
Underlying X server release 12011000, The X.Org Foundation


Thu Jul  6 19:25:11 2023
 vncext:      VNC extension running!
 vncext:      Listening for VNC connections on all interface(s), port 5901
 vncext:      created VNC server for screen 0
3NI3X0 New Xtigervnc server 'localhost:1 (root)' on port 5901 for display :1.
3NI3X0 Use xtigervncviewer -SecurityTypes VncAuth,TLSVnc -passwd /root/.vnc/passwd localhost:1 to connect to the VNC server.
W: [pulseaudio] main.c: This program is not intended to be run as root (unless --system is specified).
N: [pulseaudio] main.c: User-configured server at 127.0.0.1, refusing to start/autospawn.
2023-07-06 19:25:13 W: awesome: a_dbus_connect:611: Could not connect to D-Bus session bus: /usr/bin/dbus-launch terminated abnormally without any error message
2023-07-06 19:25:13 W: awesome: a_dbus_connect:611: Could not connect to D-Bus system bus: Failed to connect to socket /run/dbus/system_bus_socket: No such file or directory

Thu Jul  6 19:25:14 2023
 Connections: accepted: 127.0.0.1::52610
 SConnection: Client needs protocol version 3.8
 SConnection: Client requests security type VeNCrypt(19)
 SVeNCrypt:   Client requests security type VncAuth (2)
 VNCSConnST:  Server default pixel format depth 24 (32bpp) little-endian rgb888
 VNCSConnST:  Client pixel format depth 24 (32bpp) little-endian rgb888
 ComparingUpdateTracker: 0 pixels in / 0 pixels out
 ComparingUpdateTracker: (1:nan ratio)
 VNCSConnST:  FramebufferUpdateRequest 1920x1200 at 0,0 exceeds framebuffer
              2134x1080
 ComparingUpdateTracker: 0 pixels in / 0 pixels out
 ComparingUpdateTracker: (1:nan ratio)

Thu Jul  6 19:25:15 2023
 ComparingUpdateTracker: 0 pixels in / 0 pixels out
 ComparingUpdateTracker: (1:nan ratio)
2023-07-06 19:25:22 W: awesome: a_glib_poll:437: Last main loop iteration took 1.117579 seconds! Increasing limit for this warning to that value.
2023-07-06 19:25:24 W: awesome: a_glib_poll:437: Last main loop iteration took 2.068596 seconds! Increasing limit for this warning to that value.
Failed to connect to session manager: Failed to connect to the session manager: SESSION_MANAGER environment variable not defined
2023-07-06 19:26:47 E: awesome: a_xcb_io_cb:401: X server connection broke (error 1)
The X session exited with status 1!
Killing Xtigervnc process ID 14063...
Thu Jul  6 19:26:47 2023
 VNCSConnST:  closing 127.0.0.1::52610: Server shutdown
 EncodeManager: Framebuffer updates: 295
 EncodeManager:   Tight:
 EncodeManager:     Solid: 124 rects, 10.1751 Mpixels
 EncodeManager:            1.9375 KiB (1:20515 ratio)
 EncodeManager:     Bitmap RLE: 77 rects, 44.278 kpixels
 EncodeManager:                 2.39258 KiB (1:72.6678 ratio)
 EncodeManager:     Indexed RLE: 238 rects, 316.677 kpixels
 EncodeManager:                  82.1787 KiB (1:15.0867 ratio)
 EncodeManager:   Tight (JPEG):
 EncodeManager:     Full Colour: 206 rects, 943.363 kpixels
 EncodeManager:                  400.558 KiB (1:9.20573 ratio)
 EncodeManager:   Total: 645 rects, 11.4794 Mpixels
 EncodeManager:          487.066 KiB (1:92.0796 ratio)
 ComparingUpdateTracker: 6.4116 Mpixels in / 3.9835 Mpixels out
 ComparingUpdateTracker: (1:1.60954 ratio)
 success!
